[2022-06-11 18:42:10] ----------Number of executions  1----------
[2022-06-11 18:42:10] /home/xie/Desktop/Thundersoft/message.log  is created.
rm: cannot remove './User/user': No such file or directory
[2022-06-11 18:42:10] Start command.sh
[2022-06-11 18:42:10] Attempting rmmod drive...
rmmod: ERROR: Module drive is not currently loaded
[2022-06-11 18:42:10] Rmmod drive failed 
[2022-06-11 18:42:10] Start Makefile
make -C /lib/modules/5.15.0-30-generic/build M=/home/xie/Desktop/Thundersoft/Driver modules
make[1]: Entering directory '/usr/src/linux-headers-5.15.0-30-generic'
  CC [M]  /home/xie/Desktop/Thundersoft/Driver/drive.o
  MODPOST /home/xie/Desktop/Thundersoft/Driver/Module.symvers
  CC [M]  /home/xie/Desktop/Thundersoft/Driver/drive.mod.o
  LD [M]  /home/xie/Desktop/Thundersoft/Driver/drive.ko
  BTF [M] /home/xie/Desktop/Thundersoft/Driver/drive.ko
Skipping BTF generation for /home/xie/Desktop/Thundersoft/Driver/drive.ko due to unavailability of vmlinux
make[1]: Leaving directory '/usr/src/linux-headers-5.15.0-30-generic'
[2022-06-11 18:42:10] Makefile successfully
[2022-06-11 18:42:10] Start insmod drive
[2022-06-11 18:42:10] insmod drive successfully
[2022-06-11 18:42:10] Start compiling user program
./User/user.c:5:10: fatal error: main: No such file or directory
    5 | #include <main>
      |          ^~~~~~
compilation terminated.
[2022-06-11 18:42:10] Compiling user program failed , Replay command.sh
[2022-06-11 18:42:10] ----------Number of executions  2----------
[2022-06-11 18:42:10] /home/xie/Desktop/Thundersoft/message.log  is created.
rm: cannot remove './User/user': No such file or directory
[2022-06-11 18:42:10] Start command.sh
[2022-06-11 18:42:10] Attempting rmmod drive...
[2022-06-11 18:42:10] Rmmod drive successfully
[2022-06-11 18:42:10] Start Makefile
make -C /lib/modules/5.15.0-30-generic/build M=/home/xie/Desktop/Thundersoft/Driver modules
make[1]: Entering directory '/usr/src/linux-headers-5.15.0-30-generic'
make[1]: Leaving directory '/usr/src/linux-headers-5.15.0-30-generic'
[2022-06-11 18:42:10] Makefile successfully
[2022-06-11 18:42:10] Start insmod drive
[2022-06-11 18:42:10] insmod drive successfully
[2022-06-11 18:42:10] Start compiling user program
./User/user.c:5:10: fatal error: main: No such file or directory
    5 | #include <main>
      |          ^~~~~~
compilation terminated.
[2022-06-11 18:42:10] Compiling user program failed , Replay command.sh
[2022-06-11 18:42:10] ----------Number of executions  3----------
[2022-06-11 18:42:10] /home/xie/Desktop/Thundersoft/message.log  is created.
rm: cannot remove './User/user': No such file or directory
[2022-06-11 18:42:10] Start command.sh
[2022-06-11 18:42:10] Attempting rmmod drive...
[2022-06-11 18:42:10] Rmmod drive successfully
[2022-06-11 18:42:10] Start Makefile
make -C /lib/modules/5.15.0-30-generic/build M=/home/xie/Desktop/Thundersoft/Driver modules
make[1]: Entering directory '/usr/src/linux-headers-5.15.0-30-generic'
make[1]: Leaving directory '/usr/src/linux-headers-5.15.0-30-generic'
[2022-06-11 18:42:10] Makefile successfully
[2022-06-11 18:42:10] Start insmod drive
[2022-06-11 18:42:10] insmod drive successfully
[2022-06-11 18:42:10] Start compiling user program
./User/user.c:5:10: fatal error: main: No such file or directory
    5 | #include <main>
      |          ^~~~~~
compilation terminated.
[2022-06-11 18:42:10] Compiling user program failed , Replay command.sh
[2022-06-11 18:42:10] ----------Number of executions  4----------
[2022-06-11 18:42:10] /home/xie/Desktop/Thundersoft/message.log  is created.
rm: cannot remove './User/user': No such file or directory
[2022-06-11 18:42:10] Start command.sh
[2022-06-11 18:42:10] Attempting rmmod drive...
[2022-06-11 18:42:10] Rmmod drive successfully
[2022-06-11 18:42:10] Start Makefile
make -C /lib/modules/5.15.0-30-generic/build M=/home/xie/Desktop/Thundersoft/Driver modules
make[1]: Entering directory '/usr/src/linux-headers-5.15.0-30-generic'
make[1]: Leaving directory '/usr/src/linux-headers-5.15.0-30-generic'
[2022-06-11 18:42:10] Makefile successfully
[2022-06-11 18:42:10] Start insmod drive
[2022-06-11 18:42:10] insmod drive successfully
[2022-06-11 18:42:10] Start compiling user program
./User/user.c:5:10: fatal error: main: No such file or directory
    5 | #include <main>
      |          ^~~~~~
compilation terminated.
[2022-06-11 18:42:10] Compiling user program failed , Replay command.sh
[2022-06-11 18:42:10] ----------Number of executions  5----------
[2022-06-11 18:42:10] /home/xie/Desktop/Thundersoft/message.log  is created.
rm: cannot remove './User/user': No such file or directory
[2022-06-11 18:42:10] Start command.sh
[2022-06-11 18:42:10] Attempting rmmod drive...
[2022-06-11 18:42:10] Rmmod drive successfully
[2022-06-11 18:42:10] Start Makefile
make -C /lib/modules/5.15.0-30-generic/build M=/home/xie/Desktop/Thundersoft/Driver modules
make[1]: Entering directory '/usr/src/linux-headers-5.15.0-30-generic'
make[1]: Leaving directory '/usr/src/linux-headers-5.15.0-30-generic'
[2022-06-11 18:42:10] Makefile successfully
[2022-06-11 18:42:10] Start insmod drive
[2022-06-11 18:42:10] insmod drive successfully
[2022-06-11 18:42:10] Start compiling user program
./User/user.c:5:10: fatal error: main: No such file or directory
    5 | #include <main>
      |          ^~~~~~
compilation terminated.
[2022-06-11 18:42:10] Compiling user program failed , Replay command.sh
[2022-06-11 18:42:10] Execute make clean successfully
[2022-06-11 18:42:10] Attempting rmmod drive...
[2022-06-11 18:42:10] Rmmod drive successfully
[2022-06-11 18:42:10] command.sh Execution failed
[2022-06-11 18:43:57] ----------Number of executions  1----------
[2022-06-11 18:43:57] /home/xie/Desktop/Thundersoft/message.log  is created.
rm: cannot remove './User/user': No such file or directory
[2022-06-11 18:43:57] Start command.sh
[2022-06-11 18:43:57] Attempting rmmod drive...
rmmod: ERROR: Module drive is not currently loaded
[2022-06-11 18:43:57] Rmmod drive failed 
[2022-06-11 18:43:57] Start Makefile
make -C /lib/modules/5.15.0-30-generic/build M=/home/xie/Desktop/Thundersoft/Driver modules
make[1]: Entering directory '/usr/src/linux-headers-5.15.0-30-generic'
  CC [M]  /home/xie/Desktop/Thundersoft/Driver/drive.o
  MODPOST /home/xie/Desktop/Thundersoft/Driver/Module.symvers
  CC [M]  /home/xie/Desktop/Thundersoft/Driver/drive.mod.o
  LD [M]  /home/xie/Desktop/Thundersoft/Driver/drive.ko
  BTF [M] /home/xie/Desktop/Thundersoft/Driver/drive.ko
Skipping BTF generation for /home/xie/Desktop/Thundersoft/Driver/drive.ko due to unavailability of vmlinux
make[1]: Leaving directory '/usr/src/linux-headers-5.15.0-30-generic'
[2022-06-11 18:43:57] Makefile successfully
[2022-06-11 18:43:57] Start insmod drive
[2022-06-11 18:43:57] insmod drive successfully
[2022-06-11 18:43:57] Start compiling user program
./User/user.c:5:10: fatal error: main: No such file or directory
    5 | #include <main>
      |          ^~~~~~
compilation terminated.
[2022-06-11 18:43:57] Compiling user program failed , Replay command.sh
[2022-06-11 18:43:57] ----------Number of executions  2----------
[2022-06-11 18:43:57] /home/xie/Desktop/Thundersoft/message.log  is created.
rm: cannot remove './User/user': No such file or directory
[2022-06-11 18:43:57] Start command.sh
[2022-06-11 18:43:57] Attempting rmmod drive...
[2022-06-11 18:43:57] Rmmod drive successfully
[2022-06-11 18:43:57] Start Makefile
make -C /lib/modules/5.15.0-30-generic/build M=/home/xie/Desktop/Thundersoft/Driver modules
make[1]: Entering directory '/usr/src/linux-headers-5.15.0-30-generic'
make[1]: Leaving directory '/usr/src/linux-headers-5.15.0-30-generic'
[2022-06-11 18:43:57] Makefile successfully
[2022-06-11 18:43:57] Start insmod drive
[2022-06-11 18:43:57] insmod drive successfully
[2022-06-11 18:43:57] Start compiling user program
./User/user.c:5:10: fatal error: main: No such file or directory
    5 | #include <main>
      |          ^~~~~~
compilation terminated.
[2022-06-11 18:43:57] Compiling user program failed , Replay command.sh
[2022-06-11 18:43:57] ----------Number of executions  3----------
[2022-06-11 18:43:57] /home/xie/Desktop/Thundersoft/message.log  is created.
rm: cannot remove './User/user': No such file or directory
[2022-06-11 18:43:57] Start command.sh
[2022-06-11 18:43:57] Attempting rmmod drive...
[2022-06-11 18:43:57] Rmmod drive successfully
[2022-06-11 18:43:57] Start Makefile
make -C /lib/modules/5.15.0-30-generic/build M=/home/xie/Desktop/Thundersoft/Driver modules
make[1]: Entering directory '/usr/src/linux-headers-5.15.0-30-generic'
make[1]: Leaving directory '/usr/src/linux-headers-5.15.0-30-generic'
[2022-06-11 18:43:57] Makefile successfully
[2022-06-11 18:43:57] Start insmod drive
[2022-06-11 18:43:57] insmod drive successfully
[2022-06-11 18:43:57] Start compiling user program
./User/user.c:5:10: fatal error: main: No such file or directory
    5 | #include <main>
      |          ^~~~~~
compilation terminated.
[2022-06-11 18:43:57] Compiling user program failed , Replay command.sh
[2022-06-11 18:43:57] ----------Number of executions  4----------
[2022-06-11 18:43:57] /home/xie/Desktop/Thundersoft/message.log  is created.
rm: cannot remove './User/user': No such file or directory
[2022-06-11 18:43:57] Start command.sh
[2022-06-11 18:43:57] Attempting rmmod drive...
[2022-06-11 18:43:57] Rmmod drive successfully
[2022-06-11 18:43:57] Start Makefile
make -C /lib/modules/5.15.0-30-generic/build M=/home/xie/Desktop/Thundersoft/Driver modules
make[1]: Entering directory '/usr/src/linux-headers-5.15.0-30-generic'
make[1]: Leaving directory '/usr/src/linux-headers-5.15.0-30-generic'
[2022-06-11 18:43:57] Makefile successfully
[2022-06-11 18:43:57] Start insmod drive
[2022-06-11 18:43:57] insmod drive successfully
[2022-06-11 18:43:57] Start compiling user program
./User/user.c:5:10: fatal error: main: No such file or directory
    5 | #include <main>
      |          ^~~~~~
compilation terminated.
[2022-06-11 18:43:57] Compiling user program failed , Replay command.sh
[2022-06-11 18:43:57] ----------Number of executions  5----------
[2022-06-11 18:43:57] /home/xie/Desktop/Thundersoft/message.log  is created.
rm: cannot remove './User/user': No such file or directory
[2022-06-11 18:43:57] Start command.sh
[2022-06-11 18:43:57] Attempting rmmod drive...
[2022-06-11 18:43:57] Rmmod drive successfully
[2022-06-11 18:43:57] Start Makefile
make -C /lib/modules/5.15.0-30-generic/build M=/home/xie/Desktop/Thundersoft/Driver modules
make[1]: Entering directory '/usr/src/linux-headers-5.15.0-30-generic'
make[1]: Leaving directory '/usr/src/linux-headers-5.15.0-30-generic'
[2022-06-11 18:43:57] Makefile successfully
[2022-06-11 18:43:57] Start insmod drive
[2022-06-11 18:43:57] insmod drive successfully
[2022-06-11 18:43:57] Start compiling user program
./User/user.c:5:10: fatal error: main: No such file or directory
    5 | #include <main>
      |          ^~~~~~
compilation terminated.
[2022-06-11 18:43:57] Compiling user program failed , Replay command.sh
[2022-06-11 18:43:57] Execute make clean successfully
[2022-06-11 18:43:57] Attempting rmmod drive...
[2022-06-11 18:43:57] Rmmod drive successfully
[2022-06-11 18:43:57] command.sh Execution failed
[2022-06-11 18:45:05] ----------Number of executions  1----------
[2022-06-11 18:45:05] /home/xie/Desktop/Thundersoft/message.log  is created.
rm: cannot remove './User/user': No such file or directory
[2022-06-11 18:45:05] Start command.sh
[2022-06-11 18:45:05] Attempting rmmod drive...
rmmod: ERROR: Module drive is not currently loaded
[2022-06-11 18:45:05] Rmmod drive failed 
[2022-06-11 18:45:05] Start Makefile
make -C /lib/modules/5.15.0-30-generic/build M=/home/xie/Desktop/Thundersoft/Driver modules
make[1]: Entering directory '/usr/src/linux-headers-5.15.0-30-generic'
  CC [M]  /home/xie/Desktop/Thundersoft/Driver/drive.o
  MODPOST /home/xie/Desktop/Thundersoft/Driver/Module.symvers
  CC [M]  /home/xie/Desktop/Thundersoft/Driver/drive.mod.o
  LD [M]  /home/xie/Desktop/Thundersoft/Driver/drive.ko
  BTF [M] /home/xie/Desktop/Thundersoft/Driver/drive.ko
Skipping BTF generation for /home/xie/Desktop/Thundersoft/Driver/drive.ko due to unavailability of vmlinux
make[1]: Leaving directory '/usr/src/linux-headers-5.15.0-30-generic'
[2022-06-11 18:45:05] Makefile successfully
[2022-06-11 18:45:05] Start insmod drive
[2022-06-11 18:45:05] insmod drive successfully
[2022-06-11 18:45:05] Start compiling user program
[2022-06-11 18:45:05] Compiling user program successfully
[2022-06-11 18:45:05] Start user program execution
[2022-06-11 18:45:05] User program execution successfully
[2022-06-11 18:45:05] Execute make clean successfully
[2022-06-11 18:45:05] Attempting rmmod drive...
[2022-06-11 18:45:05] Rmmod drive successfully
[2022-06-11 18:45:05] command.sh Execution successfully
[2022-06-12 15:35:11] ----------Number of executions  1----------
[2022-06-12 15:35:11] /home/xie/Desktop/Thundersoft/message.log  is created.
[2022-06-12 15:35:11] Start command.sh
[2022-06-12 15:35:11] Attempting rmmod drive...
rmmod: ERROR: Module drive is not currently loaded
[2022-06-12 15:35:11] Rmmod drive failed 
[2022-06-12 15:35:11] Start Makefile
make -C /lib/modules/5.15.0-30-generic/build M=/home/xie/Desktop/Thundersoft/Driver modules
make[1]: Entering directory '/usr/src/linux-headers-5.15.0-30-generic'
  CC [M]  /home/xie/Desktop/Thundersoft/Driver/drive.o
/home/xie/Desktop/Thundersoft/Driver/drive.c: In function ‘io_ioctl’:
/home/xie/Desktop/Thundersoft/Driver/drive.c:151:36: warning: suggest parentheses around ‘&&’ within ‘||’ [-Wparentheses]
  151 |                 else if((cmd >= 2) && (cmd <= 4) || (cmd == 0)){
      |                         ~~~~~~~~~~~^~~~~~~~~~~~~
  MODPOST /home/xie/Desktop/Thundersoft/Driver/Module.symvers
  CC [M]  /home/xie/Desktop/Thundersoft/Driver/drive.mod.o
  LD [M]  /home/xie/Desktop/Thundersoft/Driver/drive.ko
  BTF [M] /home/xie/Desktop/Thundersoft/Driver/drive.ko
Skipping BTF generation for /home/xie/Desktop/Thundersoft/Driver/drive.ko due to unavailability of vmlinux
make[1]: Leaving directory '/usr/src/linux-headers-5.15.0-30-generic'
[2022-06-12 15:35:11] Makefile successfully
[2022-06-12 15:35:11] Start insmod drive
[2022-06-12 15:35:11] insmod drive successfully
[2022-06-12 15:35:11] Start compiling user program
[2022-06-12 15:35:11] Compiling user program successfully
[2022-06-12 15:35:11] Start user program execution
[2022-06-12 15:35:11] User program execution successfully
[2022-06-12 15:35:11] Execute make clean successfully
[2022-06-12 15:35:11] Attempting rmmod drive...
[2022-06-12 15:35:11] Rmmod drive successfully
[2022-06-12 15:35:11] command.sh Execution successfully
[2022-06-12 15:36:23] ----------Number of executions  1----------
[2022-06-12 15:36:23] /home/xie/Desktop/Thundersoft/message.log  is created.
[2022-06-12 15:36:23] Start command.sh
[2022-06-12 15:36:23] Attempting rmmod drive...
rmmod: ERROR: Module drive is not currently loaded
[2022-06-12 15:36:23] Rmmod drive failed 
[2022-06-12 15:36:23] Start Makefile
make -C /lib/modules/5.15.0-30-generic/build M=/home/xie/Desktop/Thundersoft/Driver modules
make[1]: Entering directory '/usr/src/linux-headers-5.15.0-30-generic'
  CC [M]  /home/xie/Desktop/Thundersoft/Driver/drive.o
  MODPOST /home/xie/Desktop/Thundersoft/Driver/Module.symvers
  CC [M]  /home/xie/Desktop/Thundersoft/Driver/drive.mod.o
  LD [M]  /home/xie/Desktop/Thundersoft/Driver/drive.ko
  BTF [M] /home/xie/Desktop/Thundersoft/Driver/drive.ko
Skipping BTF generation for /home/xie/Desktop/Thundersoft/Driver/drive.ko due to unavailability of vmlinux
make[1]: Leaving directory '/usr/src/linux-headers-5.15.0-30-generic'
[2022-06-12 15:36:23] Makefile successfully
[2022-06-12 15:36:23] Start insmod drive
[2022-06-12 15:36:23] insmod drive successfully
[2022-06-12 15:36:23] Start compiling user program
[2022-06-12 15:36:23] Compiling user program successfully
[2022-06-12 15:36:23] Start user program execution
[2022-06-12 15:36:23] User program execution successfully
[2022-06-12 15:36:23] Execute make clean successfully
[2022-06-12 15:36:23] Attempting rmmod drive...
[2022-06-12 15:36:23] Rmmod drive successfully
[2022-06-12 15:36:23] command.sh Execution successfully
[2022-06-12 15:39:40] ----------Number of executions  1----------
[2022-06-12 15:39:40] /home/xie/Desktop/Thundersoft/message.log  is created.
[2022-06-12 15:39:40] Start command.sh
[2022-06-12 15:39:40] Attempting rmmod drive...
rmmod: ERROR: Module drive is not currently loaded
[2022-06-12 15:39:40] Rmmod drive failed 
[2022-06-12 15:39:40] Start Makefile
make -C /lib/modules/5.15.0-30-generic/build M=/home/xie/Desktop/Thundersoft/Driver modules
make[1]: Entering directory '/usr/src/linux-headers-5.15.0-30-generic'
  CC [M]  /home/xie/Desktop/Thundersoft/Driver/drive.o
  MODPOST /home/xie/Desktop/Thundersoft/Driver/Module.symvers
  CC [M]  /home/xie/Desktop/Thundersoft/Driver/drive.mod.o
  LD [M]  /home/xie/Desktop/Thundersoft/Driver/drive.ko
  BTF [M] /home/xie/Desktop/Thundersoft/Driver/drive.ko
Skipping BTF generation for /home/xie/Desktop/Thundersoft/Driver/drive.ko due to unavailability of vmlinux
make[1]: Leaving directory '/usr/src/linux-headers-5.15.0-30-generic'
[2022-06-12 15:39:40] Makefile successfully
[2022-06-12 15:39:40] Start insmod drive
[2022-06-12 15:39:40] insmod drive successfully
[2022-06-12 15:39:40] Start compiling user program
[2022-06-12 15:39:40] Compiling user program successfully
[2022-06-12 15:39:40] Start user program execution
[2022-06-12 15:39:40] User program execution successfully
[2022-06-12 15:39:40] Execute make clean successfully
[2022-06-12 15:39:40] Attempting rmmod drive...
[2022-06-12 15:39:40] Rmmod drive successfully
[2022-06-12 15:39:40] command.sh Execution successfully
[2022-06-12 15:41:25] ----------Number of executions  1----------
[2022-06-12 15:41:25] /home/xie/Desktop/Thundersoft/message.log  is created.
[2022-06-12 15:41:25] Start command.sh
[2022-06-12 15:41:25] Attempting rmmod drive...
rmmod: ERROR: Module drive is not currently loaded
[2022-06-12 15:41:25] Rmmod drive failed 
[2022-06-12 15:41:25] Start Makefile
make -C /lib/modules/5.15.0-30-generic/build M=/home/xie/Desktop/Thundersoft/Driver modules
make[1]: Entering directory '/usr/src/linux-headers-5.15.0-30-generic'
  CC [M]  /home/xie/Desktop/Thundersoft/Driver/drive.o
  MODPOST /home/xie/Desktop/Thundersoft/Driver/Module.symvers
  CC [M]  /home/xie/Desktop/Thundersoft/Driver/drive.mod.o
  LD [M]  /home/xie/Desktop/Thundersoft/Driver/drive.ko
  BTF [M] /home/xie/Desktop/Thundersoft/Driver/drive.ko
Skipping BTF generation for /home/xie/Desktop/Thundersoft/Driver/drive.ko due to unavailability of vmlinux
make[1]: Leaving directory '/usr/src/linux-headers-5.15.0-30-generic'
[2022-06-12 15:41:25] Makefile successfully
[2022-06-12 15:41:25] Start insmod drive
[2022-06-12 15:41:25] insmod drive successfully
[2022-06-12 15:41:25] Start compiling user program
[2022-06-12 15:41:25] Compiling user program successfully
[2022-06-12 15:41:25] Start user program execution
[2022-06-12 15:41:25] User program execution successfully
[2022-06-12 15:41:25] Execute make clean successfully
[2022-06-12 15:41:25] Attempting rmmod drive...
[2022-06-12 15:41:25] Rmmod drive successfully
[2022-06-12 15:41:25] command.sh Execution successfully
[2022-06-12 15:43:28] ----------Number of executions  1----------
[2022-06-12 15:43:28] /home/xie/Desktop/Thundersoft/message.log  is created.
[2022-06-12 15:43:28] Start command.sh
[2022-06-12 15:43:28] Attempting rmmod drive...
rmmod: ERROR: Module drive is not currently loaded
[2022-06-12 15:43:28] Rmmod drive failed 
[2022-06-12 15:43:28] Start Makefile
make -C /lib/modules/5.15.0-30-generic/build M=/home/xie/Desktop/Thundersoft/Driver modules
make[1]: Entering directory '/usr/src/linux-headers-5.15.0-30-generic'
  CC [M]  /home/xie/Desktop/Thundersoft/Driver/drive.o
  MODPOST /home/xie/Desktop/Thundersoft/Driver/Module.symvers
  CC [M]  /home/xie/Desktop/Thundersoft/Driver/drive.mod.o
  LD [M]  /home/xie/Desktop/Thundersoft/Driver/drive.ko
  BTF [M] /home/xie/Desktop/Thundersoft/Driver/drive.ko
Skipping BTF generation for /home/xie/Desktop/Thundersoft/Driver/drive.ko due to unavailability of vmlinux
make[1]: Leaving directory '/usr/src/linux-headers-5.15.0-30-generic'
[2022-06-12 15:43:28] Makefile successfully
[2022-06-12 15:43:28] Start insmod drive
[2022-06-12 15:43:28] insmod drive successfully
[2022-06-12 15:43:28] Start compiling user program
./User/user.c:5:10: fatal error: main: No such file or directory
    5 | #include <main>
      |          ^~~~~~
compilation terminated.
[2022-06-12 15:43:28] Compiling user program failed , Replay command.sh
[2022-06-12 15:43:28] ----------Number of executions  2----------
[2022-06-12 15:43:28] /home/xie/Desktop/Thundersoft/message.log  is created.
rm: cannot remove './User/user': No such file or directory
[2022-06-12 15:43:28] Start command.sh
[2022-06-12 15:43:28] Attempting rmmod drive...
[2022-06-12 15:43:28] Rmmod drive successfully
[2022-06-12 15:43:28] Start Makefile
make -C /lib/modules/5.15.0-30-generic/build M=/home/xie/Desktop/Thundersoft/Driver modules
make[1]: Entering directory '/usr/src/linux-headers-5.15.0-30-generic'
make[1]: Leaving directory '/usr/src/linux-headers-5.15.0-30-generic'
[2022-06-12 15:43:28] Makefile successfully
[2022-06-12 15:43:28] Start insmod drive
[2022-06-12 15:43:28] insmod drive successfully
[2022-06-12 15:43:28] Start compiling user program
./User/user.c:5:10: fatal error: main: No such file or directory
    5 | #include <main>
      |          ^~~~~~
compilation terminated.
[2022-06-12 15:43:28] Compiling user program failed , Replay command.sh
[2022-06-12 15:43:28] ----------Number of executions  3----------
[2022-06-12 15:43:28] /home/xie/Desktop/Thundersoft/message.log  is created.
rm: cannot remove './User/user': No such file or directory
[2022-06-12 15:43:28] Start command.sh
[2022-06-12 15:43:28] Attempting rmmod drive...
[2022-06-12 15:43:28] Rmmod drive successfully
[2022-06-12 15:43:28] Start Makefile
make -C /lib/modules/5.15.0-30-generic/build M=/home/xie/Desktop/Thundersoft/Driver modules
make[1]: Entering directory '/usr/src/linux-headers-5.15.0-30-generic'
make[1]: Leaving directory '/usr/src/linux-headers-5.15.0-30-generic'
[2022-06-12 15:43:28] Makefile successfully
[2022-06-12 15:43:28] Start insmod drive
[2022-06-12 15:43:28] insmod drive successfully
[2022-06-12 15:43:28] Start compiling user program
./User/user.c:5:10: fatal error: main: No such file or directory
    5 | #include <main>
      |          ^~~~~~
compilation terminated.
[2022-06-12 15:43:28] Compiling user program failed , Replay command.sh
[2022-06-12 15:43:28] ----------Number of executions  4----------
[2022-06-12 15:43:28] /home/xie/Desktop/Thundersoft/message.log  is created.
rm: cannot remove './User/user': No such file or directory
[2022-06-12 15:43:28] Start command.sh
[2022-06-12 15:43:28] Attempting rmmod drive...
[2022-06-12 15:43:28] Rmmod drive successfully
[2022-06-12 15:43:28] Start Makefile
make -C /lib/modules/5.15.0-30-generic/build M=/home/xie/Desktop/Thundersoft/Driver modules
make[1]: Entering directory '/usr/src/linux-headers-5.15.0-30-generic'
make[1]: Leaving directory '/usr/src/linux-headers-5.15.0-30-generic'
[2022-06-12 15:43:28] Makefile successfully
[2022-06-12 15:43:28] Start insmod drive
[2022-06-12 15:43:28] insmod drive successfully
[2022-06-12 15:43:28] Start compiling user program
./User/user.c:5:10: fatal error: main: No such file or directory
    5 | #include <main>
      |          ^~~~~~
compilation terminated.
[2022-06-12 15:43:28] Compiling user program failed , Replay command.sh
[2022-06-12 15:43:28] ----------Number of executions  5----------
[2022-06-12 15:43:28] /home/xie/Desktop/Thundersoft/message.log  is created.
rm: cannot remove './User/user': No such file or directory
[2022-06-12 15:43:28] Start command.sh
[2022-06-12 15:43:28] Attempting rmmod drive...
[2022-06-12 15:43:28] Rmmod drive successfully
[2022-06-12 15:43:28] Start Makefile
make -C /lib/modules/5.15.0-30-generic/build M=/home/xie/Desktop/Thundersoft/Driver modules
make[1]: Entering directory '/usr/src/linux-headers-5.15.0-30-generic'
make[1]: Leaving directory '/usr/src/linux-headers-5.15.0-30-generic'
[2022-06-12 15:43:28] Makefile successfully
[2022-06-12 15:43:28] Start insmod drive
[2022-06-12 15:43:28] insmod drive successfully
[2022-06-12 15:43:28] Start compiling user program
./User/user.c:5:10: fatal error: main: No such file or directory
    5 | #include <main>
      |          ^~~~~~
compilation terminated.
[2022-06-12 15:43:28] Compiling user program failed , Replay command.sh
[2022-06-12 15:43:28] Execute make clean successfully
[2022-06-12 15:43:28] Attempting rmmod drive...
[2022-06-12 15:43:28] Rmmod drive successfully
[2022-06-12 15:43:28] command.sh Execution failed
[2022-06-12 15:46:36] ----------Number of executions  1----------
[2022-06-12 15:46:36] /home/xie/Desktop/Thundersoft/message.log  is created.
rm: cannot remove './User/user': No such file or directory
[2022-06-12 15:46:36] Start command.sh
[2022-06-12 15:46:36] Attempting rmmod drive...
rmmod: ERROR: Module drive is not currently loaded
[2022-06-12 15:46:36] Rmmod drive failed 
[2022-06-12 15:46:36] Start Makefile
make -C /lib/modules/5.15.0-30-generic/build M=/home/xie/Desktop/Thundersoft/Driver modules
make[1]: Entering directory '/usr/src/linux-headers-5.15.0-30-generic'
  CC [M]  /home/xie/Desktop/Thundersoft/Driver/drive.o
  MODPOST /home/xie/Desktop/Thundersoft/Driver/Module.symvers
  CC [M]  /home/xie/Desktop/Thundersoft/Driver/drive.mod.o
  LD [M]  /home/xie/Desktop/Thundersoft/Driver/drive.ko
  BTF [M] /home/xie/Desktop/Thundersoft/Driver/drive.ko
Skipping BTF generation for /home/xie/Desktop/Thundersoft/Driver/drive.ko due to unavailability of vmlinux
make[1]: Leaving directory '/usr/src/linux-headers-5.15.0-30-generic'
[2022-06-12 15:46:36] Makefile successfully
[2022-06-12 15:46:36] Start insmod drive
[2022-06-12 15:46:36] insmod drive successfully
[2022-06-12 15:46:36] Start compiling user program
./User/user.c:5:10: fatal error: main: No such file or directory
    5 | #include <main>
      |          ^~~~~~
compilation terminated.
[2022-06-12 15:46:36] Compiling user program failed , Replay command.sh
[2022-06-12 15:46:36] ----------Number of executions  2----------
[2022-06-12 15:46:36] /home/xie/Desktop/Thundersoft/message.log  is created.
rm: cannot remove './User/user': No such file or directory
[2022-06-12 15:46:36] Start command.sh
[2022-06-12 15:46:36] Attempting rmmod drive...
[2022-06-12 15:46:36] Rmmod drive successfully
[2022-06-12 15:46:36] Start Makefile
make -C /lib/modules/5.15.0-30-generic/build M=/home/xie/Desktop/Thundersoft/Driver modules
make[1]: Entering directory '/usr/src/linux-headers-5.15.0-30-generic'
make[1]: Leaving directory '/usr/src/linux-headers-5.15.0-30-generic'
[2022-06-12 15:46:36] Makefile successfully
[2022-06-12 15:46:36] Start insmod drive
[2022-06-12 15:46:36] insmod drive successfully
[2022-06-12 15:46:36] Start compiling user program
./User/user.c:5:10: fatal error: main: No such file or directory
    5 | #include <main>
      |          ^~~~~~
compilation terminated.
[2022-06-12 15:46:36] Compiling user program failed , Replay command.sh
[2022-06-12 15:46:36] ----------Number of executions  3----------
[2022-06-12 15:46:36] /home/xie/Desktop/Thundersoft/message.log  is created.
rm: cannot remove './User/user': No such file or directory
[2022-06-12 15:46:36] Start command.sh
[2022-06-12 15:46:36] Attempting rmmod drive...
[2022-06-12 15:46:36] Rmmod drive successfully
[2022-06-12 15:46:36] Start Makefile
make -C /lib/modules/5.15.0-30-generic/build M=/home/xie/Desktop/Thundersoft/Driver modules
make[1]: Entering directory '/usr/src/linux-headers-5.15.0-30-generic'
make[1]: Leaving directory '/usr/src/linux-headers-5.15.0-30-generic'
[2022-06-12 15:46:36] Makefile successfully
[2022-06-12 15:46:36] Start insmod drive
[2022-06-12 15:46:36] insmod drive successfully
[2022-06-12 15:46:36] Start compiling user program
./User/user.c:5:10: fatal error: main: No such file or directory
    5 | #include <main>
      |          ^~~~~~
compilation terminated.
[2022-06-12 15:46:36] Compiling user program failed , Replay command.sh
[2022-06-12 15:46:36] ----------Number of executions  4----------
[2022-06-12 15:46:36] /home/xie/Desktop/Thundersoft/message.log  is created.
rm: cannot remove './User/user': No such file or directory
[2022-06-12 15:46:36] Start command.sh
[2022-06-12 15:46:36] Attempting rmmod drive...
[2022-06-12 15:46:36] Rmmod drive successfully
[2022-06-12 15:46:36] Start Makefile
make -C /lib/modules/5.15.0-30-generic/build M=/home/xie/Desktop/Thundersoft/Driver modules
make[1]: Entering directory '/usr/src/linux-headers-5.15.0-30-generic'
make[1]: Leaving directory '/usr/src/linux-headers-5.15.0-30-generic'
[2022-06-12 15:46:36] Makefile successfully
[2022-06-12 15:46:36] Start insmod drive
[2022-06-12 15:46:36] insmod drive successfully
[2022-06-12 15:46:36] Start compiling user program
./User/user.c:5:10: fatal error: main: No such file or directory
    5 | #include <main>
      |          ^~~~~~
compilation terminated.
[2022-06-12 15:46:36] Compiling user program failed , Replay command.sh
[2022-06-12 15:46:36] ----------Number of executions  5----------
[2022-06-12 15:46:36] /home/xie/Desktop/Thundersoft/message.log  is created.
rm: cannot remove './User/user': No such file or directory
[2022-06-12 15:46:36] Start command.sh
[2022-06-12 15:46:36] Attempting rmmod drive...
[2022-06-12 15:46:36] Rmmod drive successfully
[2022-06-12 15:46:36] Start Makefile
make -C /lib/modules/5.15.0-30-generic/build M=/home/xie/Desktop/Thundersoft/Driver modules
make[1]: Entering directory '/usr/src/linux-headers-5.15.0-30-generic'
make[1]: Leaving directory '/usr/src/linux-headers-5.15.0-30-generic'
[2022-06-12 15:46:36] Makefile successfully
[2022-06-12 15:46:36] Start insmod drive
[2022-06-12 15:46:36] insmod drive successfully
[2022-06-12 15:46:36] Start compiling user program
./User/user.c:5:10: fatal error: main: No such file or directory
    5 | #include <main>
      |          ^~~~~~
compilation terminated.
[2022-06-12 15:46:36] Compiling user program failed , Replay command.sh
[2022-06-12 15:46:36] Execute make clean successfully
[2022-06-12 15:46:36] Attempting rmmod drive...
[2022-06-12 15:46:36] Rmmod drive successfully
[2022-06-12 15:46:36] command.sh Execution failed
[2022-06-12 15:47:26] ----------Number of executions  1----------
[2022-06-12 15:47:26] /home/xie/Desktop/Thundersoft/message.log  is created.
rm: cannot remove './User/user': No such file or directory
[2022-06-12 15:47:26] Start command.sh
[2022-06-12 15:47:26] Attempting rmmod drive...
rmmod: ERROR: Module drive is not currently loaded
[2022-06-12 15:47:26] Rmmod drive failed 
[2022-06-12 15:47:26] Start Makefile
make -C /lib/modules/5.15.0-30-generic/build M=/home/xie/Desktop/Thundersoft/Driver modules
make[1]: Entering directory '/usr/src/linux-headers-5.15.0-30-generic'
  CC [M]  /home/xie/Desktop/Thundersoft/Driver/drive.o
  MODPOST /home/xie/Desktop/Thundersoft/Driver/Module.symvers
  CC [M]  /home/xie/Desktop/Thundersoft/Driver/drive.mod.o
  LD [M]  /home/xie/Desktop/Thundersoft/Driver/drive.ko
  BTF [M] /home/xie/Desktop/Thundersoft/Driver/drive.ko
Skipping BTF generation for /home/xie/Desktop/Thundersoft/Driver/drive.ko due to unavailability of vmlinux
make[1]: Leaving directory '/usr/src/linux-headers-5.15.0-30-generic'
[2022-06-12 15:47:26] Makefile successfully
[2022-06-12 15:47:26] Start insmod drive
[2022-06-12 15:47:26] insmod drive successfully
[2022-06-12 15:47:26] Start compiling user program
[2022-06-12 15:47:26] Compiling user program successfully
[2022-06-12 15:47:26] Start user program execution
[2022-06-12 15:47:26] User program execution successfully
[2022-06-12 15:47:26] Execute make clean successfully
[2022-06-12 15:47:26] Attempting rmmod drive...
[2022-06-12 15:47:26] Rmmod drive successfully
[2022-06-12 15:47:26] command.sh Execution successfully
[2022-06-12 15:49:44] ----------Number of executions  1----------
[2022-06-12 15:49:44] /home/xie/Desktop/Thundersoft/message.log  is created.
[2022-06-12 15:49:44] Start command.sh
[2022-06-12 15:49:44] Attempting rmmod drive...
rmmod: ERROR: Module drive is not currently loaded
[2022-06-12 15:49:44] Rmmod drive failed 
[2022-06-12 15:49:44] Start Makefile
make -C /lib/modules/5.15.0-30-generic/build M=/home/xie/Desktop/Thundersoft/Driver modules
make[1]: Entering directory '/usr/src/linux-headers-5.15.0-30-generic'
  CC [M]  /home/xie/Desktop/Thundersoft/Driver/drive.o
  MODPOST /home/xie/Desktop/Thundersoft/Driver/Module.symvers
  CC [M]  /home/xie/Desktop/Thundersoft/Driver/drive.mod.o
  LD [M]  /home/xie/Desktop/Thundersoft/Driver/drive.ko
  BTF [M] /home/xie/Desktop/Thundersoft/Driver/drive.ko
Skipping BTF generation for /home/xie/Desktop/Thundersoft/Driver/drive.ko due to unavailability of vmlinux
make[1]: Leaving directory '/usr/src/linux-headers-5.15.0-30-generic'
[2022-06-12 15:49:44] Makefile successfully
[2022-06-12 15:49:44] Start insmod drive
[2022-06-12 15:49:44] insmod drive successfully
[2022-06-12 15:49:44] Start compiling user program
./User/user.c:5:10: fatal error: main: No such file or directory
    5 | #include <main>
      |          ^~~~~~
compilation terminated.
[2022-06-12 15:49:44] Compiling user program failed , Replay command.sh
[2022-06-12 15:49:44] ----------Number of executions  2----------
[2022-06-12 15:49:44] /home/xie/Desktop/Thundersoft/message.log  is created.
rm: cannot remove './User/user': No such file or directory
[2022-06-12 15:49:44] Start command.sh
[2022-06-12 15:49:44] Attempting rmmod drive...
[2022-06-12 15:49:44] Rmmod drive successfully
[2022-06-12 15:49:44] Start Makefile
make -C /lib/modules/5.15.0-30-generic/build M=/home/xie/Desktop/Thundersoft/Driver modules
make[1]: Entering directory '/usr/src/linux-headers-5.15.0-30-generic'
make[1]: Leaving directory '/usr/src/linux-headers-5.15.0-30-generic'
[2022-06-12 15:49:44] Makefile successfully
[2022-06-12 15:49:44] Start insmod drive
[2022-06-12 15:49:44] insmod drive successfully
[2022-06-12 15:49:44] Start compiling user program
./User/user.c:5:10: fatal error: main: No such file or directory
    5 | #include <main>
      |          ^~~~~~
compilation terminated.
[2022-06-12 15:49:44] Compiling user program failed , Replay command.sh
[2022-06-12 15:49:44] ----------Number of executions  3----------
[2022-06-12 15:49:44] /home/xie/Desktop/Thundersoft/message.log  is created.
rm: cannot remove './User/user': No such file or directory
[2022-06-12 15:49:44] Start command.sh
[2022-06-12 15:49:44] Attempting rmmod drive...
[2022-06-12 15:49:44] Rmmod drive successfully
[2022-06-12 15:49:44] Start Makefile
make -C /lib/modules/5.15.0-30-generic/build M=/home/xie/Desktop/Thundersoft/Driver modules
make[1]: Entering directory '/usr/src/linux-headers-5.15.0-30-generic'
make[1]: Leaving directory '/usr/src/linux-headers-5.15.0-30-generic'
[2022-06-12 15:49:44] Makefile successfully
[2022-06-12 15:49:44] Start insmod drive
[2022-06-12 15:49:44] insmod drive successfully
[2022-06-12 15:49:44] Start compiling user program
./User/user.c:5:10: fatal error: main: No such file or directory
    5 | #include <main>
      |          ^~~~~~
compilation terminated.
[2022-06-12 15:49:44] Compiling user program failed , Replay command.sh
[2022-06-12 15:49:44] ----------Number of executions  4----------
[2022-06-12 15:49:44] /home/xie/Desktop/Thundersoft/message.log  is created.
rm: cannot remove './User/user': No such file or directory
[2022-06-12 15:49:44] Start command.sh
[2022-06-12 15:49:44] Attempting rmmod drive...
[2022-06-12 15:49:44] Rmmod drive successfully
[2022-06-12 15:49:44] Start Makefile
make -C /lib/modules/5.15.0-30-generic/build M=/home/xie/Desktop/Thundersoft/Driver modules
make[1]: Entering directory '/usr/src/linux-headers-5.15.0-30-generic'
make[1]: Leaving directory '/usr/src/linux-headers-5.15.0-30-generic'
[2022-06-12 15:49:44] Makefile successfully
[2022-06-12 15:49:44] Start insmod drive
[2022-06-12 15:49:44] insmod drive successfully
[2022-06-12 15:49:44] Start compiling user program
./User/user.c:5:10: fatal error: main: No such file or directory
    5 | #include <main>
      |          ^~~~~~
compilation terminated.
[2022-06-12 15:49:44] Compiling user program failed , Replay command.sh
[2022-06-12 15:49:44] ----------Number of executions  5----------
[2022-06-12 15:49:44] /home/xie/Desktop/Thundersoft/message.log  is created.
rm: cannot remove './User/user': No such file or directory
[2022-06-12 15:49:44] Start command.sh
[2022-06-12 15:49:44] Attempting rmmod drive...
[2022-06-12 15:49:44] Rmmod drive successfully
[2022-06-12 15:49:44] Start Makefile
make -C /lib/modules/5.15.0-30-generic/build M=/home/xie/Desktop/Thundersoft/Driver modules
make[1]: Entering directory '/usr/src/linux-headers-5.15.0-30-generic'
make[1]: Leaving directory '/usr/src/linux-headers-5.15.0-30-generic'
[2022-06-12 15:49:44] Makefile successfully
[2022-06-12 15:49:44] Start insmod drive
[2022-06-12 15:49:44] insmod drive successfully
[2022-06-12 15:49:44] Start compiling user program
./User/user.c:5:10: fatal error: main: No such file or directory
    5 | #include <main>
      |          ^~~~~~
compilation terminated.
[2022-06-12 15:49:44] Compiling user program failed , Replay command.sh
[2022-06-12 15:49:44] Execute make clean successfully
[2022-06-12 15:49:44] Attempting rmmod drive...
[2022-06-12 15:49:44] Rmmod drive successfully
[2022-06-12 15:49:44] command.sh Execution failed
[2022-06-12 15:50:37] ----------Number of executions  1----------
[2022-06-12 15:50:37] /home/xie/Desktop/Thundersoft/message.log  is created.
rm: cannot remove './User/user': No such file or directory
[2022-06-12 15:50:37] Start command.sh
[2022-06-12 15:50:37] Attempting rmmod drive...
rmmod: ERROR: Module drive is not currently loaded
[2022-06-12 15:50:37] Rmmod drive failed 
[2022-06-12 15:50:37] Start Makefile
make -C /lib/modules/5.15.0-30-generic/build M=/home/xie/Desktop/Thundersoft/Driver modules
make[1]: Entering directory '/usr/src/linux-headers-5.15.0-30-generic'
  CC [M]  /home/xie/Desktop/Thundersoft/Driver/drive.o
  MODPOST /home/xie/Desktop/Thundersoft/Driver/Module.symvers
  CC [M]  /home/xie/Desktop/Thundersoft/Driver/drive.mod.o
  LD [M]  /home/xie/Desktop/Thundersoft/Driver/drive.ko
  BTF [M] /home/xie/Desktop/Thundersoft/Driver/drive.ko
Skipping BTF generation for /home/xie/Desktop/Thundersoft/Driver/drive.ko due to unavailability of vmlinux
make[1]: Leaving directory '/usr/src/linux-headers-5.15.0-30-generic'
[2022-06-12 15:50:37] Makefile successfully
[2022-06-12 15:50:37] Start insmod drive
[2022-06-12 15:50:37] insmod drive successfully
[2022-06-12 15:50:37] Start compiling user program
[2022-06-12 15:50:37] Compiling user program successfully
[2022-06-12 15:50:37] Start user program execution
[2022-06-12 15:50:37] User program execution successfully
[2022-06-12 15:50:37] Execute make clean successfully
[2022-06-12 15:50:37] Attempting rmmod drive...
[2022-06-12 15:50:37] Rmmod drive successfully
[2022-06-12 15:50:37] command.sh Execution successfully
